<?xml version="1.0" encoding="UTF-8"?>
<!-- Generated by org.testng.reporters.JUnitReportReporter -->
<testsuite hostname="DESKTOP-F2NBHJ2" failures="0" tests="10" name="TestNG.Keyword1" time="0.098" errors="0" timestamp="2023-02-12T14:04:41 IST" skipped="0">
  <testcase classname="TestNG.Keyword1" name="TC1" time="0.007"/>
  <system-out>
    <![CDATA[Running method TC1]]>
  </system-out>
  <testcase classname="TestNG.Keyword1" name="TC1" time="0.008"/>
  <system-out>
    <![CDATA[Running method TC1]]>
  </system-out>
  <testcase classname="TestNG.Keyword1" name="TC1" time="0.014"/>
  <system-out>
    <![CDATA[Running method TC1]]>
  </system-out>
  <testcase classname="TestNG.Keyword1" name="TC1" time="0.009"/>
  <system-out>
    <![CDATA[Running method TC1]]>
  </system-out>
  <testcase classname="TestNG.Keyword1" name="TC1" time="0.036"/>
  <system-out>
    <![CDATA[Running method TC1]]>
  </system-out>
  <testcase classname="TestNG.Keyword1" name="TC1" time="0.004"/>
  <system-out>
    <![CDATA[Running method TC1]]>
  </system-out>
  <testcase classname="TestNG.Keyword1" name="TC1" time="0.003"/>
  <system-out>
    <![CDATA[Running method TC1]]>
  </system-out>
  <testcase classname="TestNG.Keyword1" name="TC1" time="0.010"/>
  <system-out>
    <![CDATA[Running method TC1]]>
  </system-out>
  <testcase classname="TestNG.Keyword1" name="TC1" time="0.004"/>
  <system-out>
    <![CDATA[Running method TC1]]>
  </system-out>
  <testcase classname="TestNG.Keyword1" name="TC1" time="0.003"/>
  <system-out>
    <![CDATA[Running method TC1]]>
  </system-out>
</testsuite> <!-- TestNG.Keyword1 -->
