<?xml version="1.0" encoding="UTF-8"?>
<!-- Generated by org.testng.reporters.JUnitReportReporter -->
<testsuite hostname="DESKTOP-F2NBHJ2" failures="0" tests="1" name="TestNG_Assertions.Parallel1" time="14.244" errors="0" timestamp="2023-02-14T00:01:17 IST" skipped="0">
  <testcase classname="TestNG_Assertions.Parallel1" name="Facebook" time="14.244"/>
  <system-out/>
</testsuite> <!-- TestNG_Assertions.Parallel1 -->
