<?xml version="1.0" encoding="UTF-8"?>
<!-- Generated by org.testng.reporters.JUnitReportReporter -->
<testsuite hostname="DESKTOP-F2NBHJ2" failures="0" tests="3" name="TestNG_Assertions.Disable1" time="0.031" errors="0" timestamp="2023-02-13T23:09:03 IST" skipped="0">
  <testcase classname="TestNG_Assertions.Disable1" name="TC1" time="0.020"/>
  <system-out>
    <![CDATA[Running TC1]]>
  </system-out>
  <testcase classname="TestNG_Assertions.Disable1" name="TC4" time="0.008"/>
  <system-out>
    <![CDATA[Running TC4]]>
  </system-out>
  <testcase classname="TestNG_Assertions.Disable1" name="TC3" time="0.003"/>
  <system-out>
    <![CDATA[Running TC3]]>
  </system-out>
</testsuite> <!-- TestNG_Assertions.Disable1 -->
