<?xml version="1.0" encoding="UTF-8"?>
<!-- Generated by org.testng.reporters.JUnitReportReporter -->
<testsuite hostname="DESKTOP-F2NBHJ2" failures="0" tests="4" name="TestNG.Keyword5" time="0.040" errors="0" timestamp="2023-02-12T14:44:53 IST" skipped="0">
  <testcase classname="TestNG.Keyword5" name="TC3" time="0.026"/>
  <system-out>
    <![CDATA[Running Method TC3]]>
  </system-out>
  <testcase classname="TestNG.Keyword5" name="TC4" time="0.004"/>
  <system-out>
    <![CDATA[Running Method TC4]]>
  </system-out>
  <testcase classname="TestNG.Keyword5" name="TC2" time="0.005"/>
  <system-out>
    <![CDATA[Running Method TC2]]>
  </system-out>
  <testcase classname="TestNG.Keyword5" name="TC1" time="0.005"/>
  <system-out>
    <![CDATA[Running Method TC1]]>
  </system-out>
</testsuite> <!-- TestNG.Keyword5 -->
