<?xml version="1.0" encoding="UTF-8"?>
<!-- Generated by org.testng.reporters.JUnitReportReporter -->
<testsuite hostname="DESKTOP-F2NBHJ2" failures="0" tests="2" name="TestNG.Keyword2" time="0.024" errors="0" timestamp="2023-02-12T14:13:56 IST" skipped="0">
  <testcase classname="TestNG.Keyword2" name="TC2" time="0.022"/>
  <system-out>
    <![CDATA[Running Method TC2]]>
  </system-out>
  <testcase classname="TestNG.Keyword2" name="TC1" time="0.002"/>
  <system-out>
    <![CDATA[Running Method TC1]]>
  </system-out>
</testsuite> <!-- TestNG.Keyword2 -->
