<?xml version="1.0" encoding="UTF-8"?>
<!-- Generated by org.testng.reporters.JUnitReportReporter -->
<testsuite hostname="DESKTOP-F2NBHJ2" failures="0" tests="4" name="TestNG_Assertions.ddemo1" time="0.032" errors="0" timestamp="2023-02-13T23:00:38 IST" skipped="1">
  <testcase classname="TestNG_Assertions.ddemo1" name="TC2" time="0.023"/>
  <system-out>
    <![CDATA[Running TC2]]>
  </system-out>
  <testcase classname="TestNG_Assertions.ddemo1" name="TC3" time="0.004"/>
  <system-out>
    <![CDATA[Running TC3]]>
  </system-out>
  <testcase classname="TestNG_Assertions.ddemo1" name="TC4" time="0.005"/>
  <system-out>
    <![CDATA[Running TC4]]>
  </system-out>
  <testcase classname="TestNG_Assertions.ddemo1" name="TC1">
    <skipped/>
  </testcase> <!-- TC1 -->
  <system-out/>
</testsuite> <!-- TestNG_Assertions.ddemo1 -->
