<?xml version="1.0" encoding="UTF-8"?>
<!-- Generated by org.testng.reporters.JUnitReportReporter -->
<testsuite hostname="DESKTOP-F2NBHJ2" failures="0" tests="2" name="TestNG_Assertions.sample3" time="0.007" errors="0" timestamp="2023-02-13T01:41:22 IST" skipped="0">
  <testcase classname="TestNG_Assertions.sample3" name="TC5" time="0.004"/>
  <system-out>
    <![CDATA[Running TC5]]>
  </system-out>
  <testcase classname="TestNG_Assertions.sample3" name="TC6" time="0.003"/>
  <system-out>
    <![CDATA[Running TC6]]>
  </system-out>
</testsuite> <!-- TestNG_Assertions.sample3 -->
