<?xml version="1.0" encoding="UTF-8"?>
<!-- Generated by org.testng.reporters.JUnitReportReporter -->
<testsuite hostname="DESKTOP-F2NBHJ2" failures="0" tests="3" name="TestNG_Assertions.Disable2" time="0.028" errors="0" timestamp="2023-02-13T23:21:12 IST" skipped="0">
  <testcase classname="TestNG_Assertions.Disable2" name="TC1" time="0.019"/>
  <system-out>
    <![CDATA[Running TC1]]>
  </system-out>
  <testcase classname="TestNG_Assertions.Disable2" name="TC3" time="0.003"/>
  <system-out>
    <![CDATA[Running TC3]]>
  </system-out>
  <testcase classname="TestNG_Assertions.Disable2" name="TC4" time="0.006"/>
  <system-out>
    <![CDATA[Running TC4]]>
  </system-out>
</testsuite> <!-- TestNG_Assertions.Disable2 -->
