<?xml version="1.0" encoding="UTF-8"?>
<!-- Generated by org.testng.reporters.JUnitReportReporter -->
<testsuite hostname="DESKTOP-F2NBHJ2" failures="0" tests="2" name="TestNG.multi_browser" time="105.753" errors="0" timestamp="2023-02-14T16:04:40 IST" skipped="0">
  <testcase classname="TestNG.multi_browser" name="TC1" time="32.453"/>
  <system-out/>
  <testcase classname="TestNG.multi_browser" name="TC1" time="73.300"/>
  <system-out/>
</testsuite> <!-- TestNG.multi_browser -->
