<?xml version="1.0" encoding="UTF-8"?>
<!-- Generated by org.testng.reporters.JUnitReportReporter -->
<testsuite hostname="DESKTOP-F2NBHJ2" failures="0" tests="1" name="TestNG_Assertions.test3" time="0.020" errors="0" timestamp="2023-02-13T01:55:43 IST" skipped="0">
  <testcase classname="TestNG_Assertions.test3" name="TC6" time="0.020"/>
  <system-out>
    <![CDATA[Running TC6]]>
  </system-out>
</testsuite> <!-- TestNG_Assertions.test3 -->
