<?xml version="1.0" encoding="UTF-8"?>
<!-- Generated by org.testng.reporters.JUnitReportReporter -->
<testsuite hostname="DESKTOP-F2NBHJ2" failures="0" tests="2" name="TestNG.Annotation2" time="0.022" errors="0" timestamp="2023-02-10T19:51:06 IST" skipped="0">
  <testcase classname="TestNG.Annotation2" name="TC1" time="0.015"/>
  <system-out>
    <![CDATA[Running method TC1]]>
  </system-out>
  <testcase classname="TestNG.Annotation2" name="TC2" time="0.007"/>
  <system-out>
    <![CDATA[Running method TC2]]>
  </system-out>
</testsuite> <!-- TestNG.Annotation2 -->
