<?xml version="1.0" encoding="UTF-8"?>
<!-- Generated by org.testng.reporters.JUnitReportReporter -->
<testsuite hostname="DESKTOP-F2NBHJ2" failures="0" tests="1" name="TestNG.Test_NG" time="15.348" errors="0" timestamp="2023-02-10T19:15:50 IST" skipped="0">
  <testcase classname="TestNG.Test_NG" name="OpenFacebook" time="15.348"/>
  <system-out/>
</testsuite> <!-- TestNG.Test_NG -->
