<?xml version="1.0" encoding="UTF-8"?>
<!-- Generated by org.testng.reporters.JUnitReportReporter -->
<testsuite hostname="DESKTOP-F2NBHJ2" failures="0" tests="2" name="TestNG_Assertions.sample1" time="0.029" errors="0" timestamp="2023-02-13T01:41:21 IST" skipped="0">
  <testcase classname="TestNG_Assertions.sample1" name="TC1" time="0.025"/>
  <system-out>
    <![CDATA[Running TC1]]>
  </system-out>
  <testcase classname="TestNG_Assertions.sample1" name="TC2" time="0.004"/>
  <system-out>
    <![CDATA[Running TC2]]>
  </system-out>
</testsuite> <!-- TestNG_Assertions.sample1 -->
