<?xml version="1.0" encoding="UTF-8"?>
<!-- Generated by org.testng.reporters.JUnitReportReporter -->
<testsuite hostname="DESKTOP-F2NBHJ2" failures="0" tests="1" name="TestNG.Annotation1" time="0.015" errors="0" timestamp="2023-02-10T19:50:36 IST" skipped="0">
  <testcase classname="TestNG.Annotation1" name="TC1" time="0.015"/>
  <system-out>
    <![CDATA[Running method TC1]]>
  </system-out>
</testsuite> <!-- TestNG.Annotation1 -->
