<?xml version="1.0" encoding="UTF-8"?>
<!-- Generated by org.testng.reporters.JUnitReportReporter -->
<testsuite hostname="DESKTOP-F2NBHJ2" failures="0" tests="2" name="TestNG.Keyword9" time="0.021" errors="0" timestamp="2023-02-12T15:21:01 IST" skipped="0">
  <testcase classname="TestNG.Keyword9" name="Logout" time="0.003"/>
  <system-out>
    <![CDATA[Running Logout TC]]>
  </system-out>
  <testcase classname="TestNG.Keyword9" name="Login" time="0.018"/>
  <system-out>
    <![CDATA[Running Login TC]]>
  </system-out>
</testsuite> <!-- TestNG.Keyword9 -->
