<?xml version="1.0" encoding="UTF-8"?>
<!-- Generated by org.testng.reporters.JUnitReportReporter -->
<testsuite hostname="DESKTOP-F2NBHJ2" failures="0" tests="4" name="TestNG.Keyword6" time="0.030" errors="0" timestamp="2023-02-12T14:53:51 IST" skipped="0">
  <testcase classname="TestNG.Keyword6" name="TC4" time="0.021"/>
  <system-out>
    <![CDATA[Running Method TC4]]>
  </system-out>
  <testcase classname="TestNG.Keyword6" name="TC3" time="0.003"/>
  <system-out>
    <![CDATA[Running Method TC3]]>
  </system-out>
  <testcase classname="TestNG.Keyword6" name="TC2" time="0.003"/>
  <system-out>
    <![CDATA[Running Method TC2]]>
  </system-out>
  <testcase classname="TestNG.Keyword6" name="TC1" time="0.003"/>
  <system-out>
    <![CDATA[Running Method TC1]]>
  </system-out>
</testsuite> <!-- TestNG.Keyword6 -->
